[debug] [2023-08-29T14:45:10.143Z] ----------------------------------------------------------------------
[debug] [2023-08-29T14:45:10.145Z] Command:       /usr/local/bin/firebase /Users/minse/.cache/firebase/tools/lib/node_modules/firebase-tools/lib/bin/firebase init hosting
[debug] [2023-08-29T14:45:10.145Z] CLI Version:   12.5.2
[debug] [2023-08-29T14:45:10.145Z] Platform:      darwin
[debug] [2023-08-29T14:45:10.146Z] Node Version:  v16.16.0
[debug] [2023-08-29T14:45:10.147Z] Time:          Tue Aug 29 2023 23:45:10 GMT+0900 (GMT+09:00)
[debug] [2023-08-29T14:45:10.147Z] ----------------------------------------------------------------------
[debug] 
[debug] [2023-08-29T14:45:10.158Z] > command requires scopes: ["email","openid","https://www.googleapis.com/auth/cloudplatformprojects.readonly","https://www.googleapis.com/auth/firebase","https://www.googleapis.com/auth/cloud-platform"]
[debug] [2023-08-29T14:45:10.160Z] > authorizing via signed-in user (ja9cob7@gmail.com)
[info] 
     ######## #### ########  ######## ########     ###     ######  ########
     ##        ##  ##     ## ##       ##     ##  ##   ##  ##       ##
     ######    ##  ########  ######   ########  #########  ######  ######
     ##        ##  ##    ##  ##       ##     ## ##     ##       ## ##
     ##       #### ##     ## ######## ########  ##     ##  ######  ########

You're about to initialize a Firebase project in this directory:

  /Users/minse/Desktop/duo.gg

[info] 
=== Project Setup
[info] 
[info] First, let's associate this project directory with a Firebase project.
[info] You can create multiple project aliases by running firebase use --add, 
[info] but for now we'll just set up a default project.
[info] 
